<?xml version="1.0" encoding="UTF-8"?>
<!-- Generated by org.testng.reporters.JUnitReportReporter -->
<testsuite hostname="DESKTOP-NLM9CQ8" failures="0" tests="2" name="com.Test.LetsCode" time="18.277" errors="0" timestamp="2023-04-17T22:50:21 IST" skipped="0">
  <testcase classname="com.Test.LetsCode" name="Beforelogin" time="8.290"/>
  <system-out/>
  <testcase classname="com.Test.LetsCode" name="login" time="9.987"/>
  <system-out/>
</testsuite> <!-- com.Test.LetsCode -->
